<?xml version="1.0" encoding="UTF-8"?>
<!-- Generated by org.testng.reporters.JUnitReportReporter -->
<testsuite hostname="U5-DPE-CPB-0221" failures="0" tests="6" name="servicetester.test.DataDriverTest" time="4.108" errors="0" timestamp="17 May 2019 07:35:06 GMT" skipped="0">
  <testcase classname="servicetester.test.DataDriverTest" name="soaprequest_response_with_ignore_nodes_validation" time="0.036"/>
  <testcase classname="servicetester.test.DataDriverTest" name="compare_responce_expected_with_actual_soapresponce_first" time="0.076"/>
  <testcase classname="servicetester.test.DataDriverTest" name="compare_responce_expected_with_actual_soapresponce_first" time="0.038"/>
  <testcase classname="servicetester.test.DataDriverTest" name="soaprequest_response_with_ignore_nodes_validation" time="0.037"/>
  <testcase classname="servicetester.test.DataDriverTest" name="soaprequest_response_statuscode_validation" time="1.401"/>
  <testcase classname="servicetester.test.DataDriverTest" name="soaprequest_response_statuscode_validation" time="2.520"/>
</testsuite> <!-- servicetester.test.DataDriverTest -->
