<?xml version="1.0" encoding="UTF-8"?>
<!-- Generated by org.testng.reporters.JUnitReportReporter -->
<testsuite hostname="U5-DPE-CPB-0221" failures="0" tests="1" name="com.soaframework.servicetester.AppTest" time="2.805" errors="0" timestamp="10 Apr 2019 11:10:15 GMT" skipped="0">
  <testcase classname="com.soaframework.servicetester.AppTest" name="validatesXsdString" time="2.805"/>
</testsuite> <!-- com.soaframework.servicetester.AppTest -->
