<?xml version="1.0" encoding="UTF-8"?>
<!-- Generated by org.testng.reporters.JUnitReportReporter -->
<testsuite hostname="U5-DPE-CPB-0221" failures="0" tests="1" name="servicetester.test.sample" time="0.010" errors="0" timestamp="25 Apr 2019 06:44:31 GMT" skipped="0">
  <testcase classname="servicetester.test.sample" name="validate_all_responce_from_request" time="0.010"/>
</testsuite> <!-- servicetester.test.sample -->
