<?xml version="1.0" encoding="UTF-8"?>
<!-- Generated by org.testng.reporters.JUnitReportReporter -->
<testsuite hostname="U5-DPE-CPB-0221" failures="0" tests="1" name="servicetester.test.SampleTest" time="0.008" errors="0" timestamp="29 Apr 2019 10:04:26 GMT" skipped="0">
  <testcase classname="servicetester.test.SampleTest" name="parameterTest" time="0.008"/>
</testsuite> <!-- servicetester.test.SampleTest -->
