<?xml version="1.0" encoding="UTF-8"?>
<!-- Generated by org.testng.reporters.JUnitReportReporter -->
<testsuite hostname="U5-DPE-CPB-0221" failures="0" tests="1" name="servicetester.test.testComman" time="7.306" errors="0" timestamp="17 Apr 2019 07:31:47 GMT" skipped="0">
  <testcase classname="servicetester.test.testComman" name="validateResponcesStatusCode" time="7.306"/>
</testsuite> <!-- servicetester.test.testComman -->
